[debug] [2022-07-13T22:59:04.624Z] ----------------------------------------------------------------------
[debug] [2022-07-13T22:59:04.630Z] Command:       C:\Program Files\nodejs\node.exe C:\Users\user\AppData\Roaming\npm\node_modules\firebase-tools\lib\bin\firebase.js deploy
[debug] [2022-07-13T22:59:04.631Z] CLI Version:   11.2.1
[debug] [2022-07-13T22:59:04.631Z] Platform:      win32
[debug] [2022-07-13T22:59:04.632Z] Node Version:  v16.14.0
[debug] [2022-07-13T22:59:04.668Z] Time:          Wed Jul 13 2022 23:59:04 GMT+0100 (West Africa Standard Time)
[debug] [2022-07-13T22:59:04.669Z] ----------------------------------------------------------------------
[debug] 
[debug] [2022-07-13T22:59:04.864Z] > command requires scopes: ["email","openid","https://www.googleapis.com/auth/cloudplatformprojects.readonly","https://www.googleapis.com/auth/firebase","https://www.googleapis.com/auth/cloud-platform"]
[debug] [2022-07-13T22:59:04.865Z] > authorizing via signed-in user (esepadmission@gmail.com)
[debug] [2022-07-13T22:59:04.866Z] [iam] checking project kora-academy for permissions ["firebase.projects.get","firebasehosting.sites.update"]
[debug] [2022-07-13T22:59:04.870Z] > refreshing access token with scopes: []
[debug] [2022-07-13T22:59:04.875Z] >>> [apiv2][query] POST https://www.googleapis.com/oauth2/v3/token [none]
[debug] [2022-07-13T22:59:04.875Z] >>> [apiv2][body] POST https://www.googleapis.com/oauth2/v3/token [omitted]
[debug] [2022-07-13T22:59:04.982Z] [iam] error while checking permissions, command may fail: FirebaseError: Authentication Error: Your credentials are no longer valid. Please run firebase login --reauth

For CI servers and headless environments, generate a new token with firebase login:ci
[debug] [2022-07-13T22:59:04.983Z] > refreshing access token with scopes: []
[debug] [2022-07-13T22:59:04.984Z] >>> [apiv2][query] POST https://www.googleapis.com/oauth2/v3/token [none]
[debug] [2022-07-13T22:59:04.992Z] >>> [apiv2][body] POST https://www.googleapis.com/oauth2/v3/token [omitted]
[debug] [2022-07-13T22:59:05.080Z] Authentication Error: Your credentials are no longer valid. Please run firebase login --reauth

For CI servers and headless environments, generate a new token with firebase login:ci
[debug] [2022-07-13T22:59:05.115Z] FirebaseError: Authentication Error: Your credentials are no longer valid. Please run firebase login --reauth

For CI servers and headless environments, generate a new token with firebase login:ci
    at invalidCredentialError (C:\Users\user\AppData\Roaming\npm\node_modules\firebase-tools\lib\auth.js:145:12)
    at refreshTokens (C:\Users\user\AppData\Roaming\npm\node_modules\firebase-tools\lib\auth.js:509:15)
    at processTicksAndRejections (node:internal/process/task_queues:96:5)
    at async Client.getAccessToken (C:\Users\user\AppData\Roaming\npm\node_modules\firebase-tools\lib\apiv2.js:148:23)
    at async Client.addAuthHeader (C:\Users\user\AppData\Roaming\npm\node_modules\firebase-tools\lib\apiv2.js:139:21)
    at async Client.request (C:\Users\user\AppData\Roaming\npm\node_modules\firebase-tools\lib\apiv2.js:95:34)
    at async getFirebaseProject (C:\Users\user\AppData\Roaming\npm\node_modules\firebase-tools\lib\management\projects.js:296:21)
    at async getDefaultHostingSite (C:\Users\user\AppData\Roaming\npm\node_modules\firebase-tools\lib\getDefaultHostingSite.js:8:21)
    at async requireHostingSite (C:\Users\user\AppData\Roaming\npm\node_modules\firebase-tools\lib\requireHostingSite.js:9:18)
    at async Object.fn (C:\Users\user\AppData\Roaming\npm\node_modules\firebase-tools\lib\commands\deploy.js:74:9)
    at async C:\Users\user\AppData\Roaming\npm\node_modules\firebase-tools\lib\command.js:188:17
[error] 
[error] Error: Failed to get Firebase project kora-academy. Please make sure the project exists and your account has permission to access it.
[debug] [2022-07-13T23:00:52.980Z] ----------------------------------------------------------------------
[debug] [2022-07-13T23:00:52.985Z] Command:       C:\Program Files\nodejs\node.exe C:\Users\user\AppData\Roaming\npm\node_modules\firebase-tools\lib\bin\firebase.js deploy
[debug] [2022-07-13T23:00:52.987Z] CLI Version:   11.2.1
[debug] [2022-07-13T23:00:52.987Z] Platform:      win32
[debug] [2022-07-13T23:00:52.988Z] Node Version:  v16.14.0
[debug] [2022-07-13T23:00:53.005Z] Time:          Thu Jul 14 2022 00:00:52 GMT+0100 (West Africa Standard Time)
[debug] [2022-07-13T23:00:53.007Z] ----------------------------------------------------------------------
[debug] 
[debug] [2022-07-13T23:00:53.182Z] > command requires scopes: ["email","openid","https://www.googleapis.com/auth/cloudplatformprojects.readonly","https://www.googleapis.com/auth/firebase","https://www.googleapis.com/auth/cloud-platform"]
[debug] [2022-07-13T23:00:53.183Z] > authorizing via signed-in user (esepadmission@gmail.com)
[debug] [2022-07-13T23:00:53.184Z] [iam] checking project kora-academy for permissions ["firebase.projects.get","firebasehosting.sites.update"]
[debug] [2022-07-13T23:00:53.191Z] > refreshing access token with scopes: []
[debug] [2022-07-13T23:00:53.196Z] >>> [apiv2][query] POST https://www.googleapis.com/oauth2/v3/token [none]
[debug] [2022-07-13T23:00:53.197Z] >>> [apiv2][body] POST https://www.googleapis.com/oauth2/v3/token [omitted]
[debug] [2022-07-13T23:01:03.443Z] [iam] error while checking permissions, command may fail: FirebaseError: Authentication Error: Your credentials are no longer valid. Please run firebase login --reauth

For CI servers and headless environments, generate a new token with firebase login:ci
[debug] [2022-07-13T23:01:03.445Z] > refreshing access token with scopes: []
[debug] [2022-07-13T23:01:03.446Z] >>> [apiv2][query] POST https://www.googleapis.com/oauth2/v3/token [none]
[debug] [2022-07-13T23:01:03.447Z] >>> [apiv2][body] POST https://www.googleapis.com/oauth2/v3/token [omitted]
[debug] [2022-07-13T23:01:13.575Z] Authentication Error: Your credentials are no longer valid. Please run firebase login --reauth

For CI servers and headless environments, generate a new token with firebase login:ci
[debug] [2022-07-13T23:01:23.708Z] FirebaseError: Authentication Error: Your credentials are no longer valid. Please run firebase login --reauth

For CI servers and headless environments, generate a new token with firebase login:ci
    at invalidCredentialError (C:\Users\user\AppData\Roaming\npm\node_modules\firebase-tools\lib\auth.js:145:12)
    at refreshTokens (C:\Users\user\AppData\Roaming\npm\node_modules\firebase-tools\lib\auth.js:509:15)
    at processTicksAndRejections (node:internal/process/task_queues:96:5)
    at async Client.getAccessToken (C:\Users\user\AppData\Roaming\npm\node_modules\firebase-tools\lib\apiv2.js:148:23)
    at async Client.addAuthHeader (C:\Users\user\AppData\Roaming\npm\node_modules\firebase-tools\lib\apiv2.js:139:21)
    at async Client.request (C:\Users\user\AppData\Roaming\npm\node_modules\firebase-tools\lib\apiv2.js:95:34)
    at async getFirebaseProject (C:\Users\user\AppData\Roaming\npm\node_modules\firebase-tools\lib\management\projects.js:296:21)
    at async getDefaultHostingSite (C:\Users\user\AppData\Roaming\npm\node_modules\firebase-tools\lib\getDefaultHostingSite.js:8:21)
    at async requireHostingSite (C:\Users\user\AppData\Roaming\npm\node_modules\firebase-tools\lib\requireHostingSite.js:9:18)
    at async Object.fn (C:\Users\user\AppData\Roaming\npm\node_modules\firebase-tools\lib\commands\deploy.js:74:9)
    at async C:\Users\user\AppData\Roaming\npm\node_modules\firebase-tools\lib\command.js:188:17
[error] 
[error] Error: Failed to get Firebase project kora-academy. Please make sure the project exists and your account has permission to access it.
